<?xml version="1.0" encoding="UTF-8"?>
<!-- Generated by org.testng.reporters.JUnitReportReporter -->
<testsuite skipped="0" hostname="Home-PC" name="org.test.PathTest" tests="1" failures="0" timestamp="2021-11-05T12:31:49 GMT+05:30" time="0.010" errors="0">
  <testcase name="f" time="0.010" classname="org.test.PathTest"/>
  <system-out/>
</testsuite> <!-- org.test.PathTest -->
